<?xml version="1.0" encoding="UTF-8"?>
<!-- Generated by org.testng.reporters.JUnitXMLReporter -->
<testsuite ignored="3" hostname="DESKTOP-31B80VT" failures="0" tests="1" name="Default test" time="17.315" errors="0" timestamp="2022-03-18T20:46:27 IST">
  <testcase classname="testcases.LoginTest" name="LoginSuccessTest" time="9.328"/>
  <testcase classname="testcases.LoginTest" name="LoginFailiureTest" time="0.0">
    <ignored/>
  </testcase> <!-- LoginFailiureTest -->
  <testcase classname="testcases.LoginTest" name="ExternalDataTest" time="0.0">
    <ignored/>
  </testcase> <!-- ExternalDataTest -->
  <testcase classname="testcases.LoginTest" name="ParameterizedTest" time="0.0">
    <ignored/>
  </testcase> <!-- ParameterizedTest -->
</testsuite> <!-- Default test -->
