<?xml version="1.0" encoding="UTF-8"?>
<!-- Generated by org.testng.reporters.JUnitXMLReporter -->
<testsuite ignored="0" hostname="DESKTOP-31B80VT" failures="0" tests="4" name="Test" time="73.672" errors="0" timestamp="2022-03-18T21:21:29 IST">
  <testcase classname="testcases.LoginTest" name="ExternalDataTest" time="9.544"/>
  <testcase classname="testcases.LoginTest" name="LoginFailiureTest" time="9.154"/>
  <testcase classname="testcases.LoginTest" name="LoginSuccessTest" time="12.092"/>
  <testcase classname="testcases.LoginTest" name="ParameterizedTest" time="17.848"/>
</testsuite> <!-- Test -->
