<?xml version="1.0" encoding="UTF-8"?>
<!-- Generated by org.testng.reporters.JUnitXMLReporter -->
<testsuite hostname="DESKTOP-31B80VT" ignored="0" name="Test" tests="4" failures="0" timestamp="2022-03-19T09:39:55 IST" time="54.799" errors="0">
  <testcase name="ExternalDataTest" time="8.651" classname="testcases.LoginTest"/>
  <testcase name="LoginFailiureTest" time="9.006" classname="testcases.LoginTest"/>
  <testcase name="LoginSuccessTest" time="8.428" classname="testcases.LoginTest"/>
  <testcase name="ParameterizedTest" time="8.589" classname="testcases.LoginTest"/>
</testsuite> <!-- Test -->
