<?xml version="1.0" encoding="UTF-8"?>
<testng-results ignored="0" total="4" passed="4" failed="0" skipped="0">
  <reporter-output>
  </reporter-output>
  <suite started-at="2022-03-18T21:20:16 IST" name="Suite" finished-at="2022-03-18T21:21:29 IST" duration-ms="73672">
    <groups>
    </groups>
    <test started-at="2022-03-18T21:20:16 IST" name="Test" finished-at="2022-03-18T21:21:29 IST" duration-ms="73672">
      <class name="testcases.LoginTest">
        <test-method is-config="true" signature="DatasetUP()[pri:0, instance:testcases.LoginTest@66d3eec0]" started-at="2022-03-18T21:20:16 IST" name="DatasetUP" finished-at="2022-03-18T21:20:17 IST" duration-ms="1081" status="PASS">
          <reporter-output>
          </reporter-output>
        </test-method> <!-- DatasetUP -->
        <test-method is-config="true" signature="SetUp(java.lang.reflect.Method)[pri:0, instance:testcases.LoginTest@66d3eec0]" started-at="2022-03-18T21:20:17 IST" name="SetUp" finished-at="2022-03-18T21:20:21 IST" duration-ms="4571" status="PASS">
          <params>
            <param index="0">
              <value>
                <![CDATA[public void testcases.LoginTest.ExternalDataTest()]]>
              </value>
            </param>
          </params>
          <reporter-output>
          </reporter-output>
        </test-method> <!-- SetUp -->
        <test-method signature="ExternalDataTest()[pri:0, instance:testcases.LoginTest@66d3eec0]" started-at="2022-03-18T21:20:21 IST" name="ExternalDataTest" finished-at="2022-03-18T21:20:31 IST" duration-ms="9544" status="PASS">
          <reporter-output>
          </reporter-output>
        </test-method> <!-- ExternalDataTest -->
        <test-method is-config="true" signature="TearDown()[pri:0, instance:testcases.LoginTest@66d3eec0]" started-at="2022-03-18T21:20:31 IST" name="TearDown" finished-at="2022-03-18T21:20:31 IST" duration-ms="258" status="PASS">
          <reporter-output>
          </reporter-output>
        </test-method> <!-- TearDown -->
        <test-method is-config="true" signature="SetUp(java.lang.reflect.Method)[pri:0, instance:testcases.LoginTest@66d3eec0]" started-at="2022-03-18T21:20:31 IST" name="SetUp" finished-at="2022-03-18T21:20:34 IST" duration-ms="2948" status="PASS">
          <params>
            <param index="0">
              <value>
                <![CDATA[public void testcases.LoginTest.LoginFailiureTest()]]>
              </value>
            </param>
          </params>
          <reporter-output>
          </reporter-output>
        </test-method> <!-- SetUp -->
        <test-method signature="LoginFailiureTest()[pri:0, instance:testcases.LoginTest@66d3eec0]" started-at="2022-03-18T21:20:34 IST" name="LoginFailiureTest" finished-at="2022-03-18T21:20:43 IST" duration-ms="9154" status="PASS">
          <reporter-output>
          </reporter-output>
        </test-method> <!-- LoginFailiureTest -->
        <test-method is-config="true" signature="TearDown()[pri:0, instance:testcases.LoginTest@66d3eec0]" started-at="2022-03-18T21:20:43 IST" name="TearDown" finished-at="2022-03-18T21:20:44 IST" duration-ms="269" status="PASS">
          <reporter-output>
          </reporter-output>
        </test-method> <!-- TearDown -->
        <test-method is-config="true" signature="SetUp(java.lang.reflect.Method)[pri:0, instance:testcases.LoginTest@66d3eec0]" started-at="2022-03-18T21:20:44 IST" name="SetUp" finished-at="2022-03-18T21:20:54 IST" duration-ms="10712" status="PASS">
          <params>
            <param index="0">
              <value>
                <![CDATA[public void testcases.LoginTest.LoginSuccessTest()]]>
              </value>
            </param>
          </params>
          <reporter-output>
          </reporter-output>
        </test-method> <!-- SetUp -->
        <test-method signature="LoginSuccessTest()[pri:0, instance:testcases.LoginTest@66d3eec0]" started-at="2022-03-18T21:20:54 IST" name="LoginSuccessTest" finished-at="2022-03-18T21:21:06 IST" duration-ms="12092" status="PASS">
          <reporter-output>
          </reporter-output>
        </test-method> <!-- LoginSuccessTest -->
        <test-method is-config="true" signature="TearDown()[pri:0, instance:testcases.LoginTest@66d3eec0]" started-at="2022-03-18T21:21:06 IST" name="TearDown" finished-at="2022-03-18T21:21:07 IST" duration-ms="351" status="PASS">
          <reporter-output>
          </reporter-output>
        </test-method> <!-- TearDown -->
        <test-method is-config="true" signature="SetUp(java.lang.reflect.Method)[pri:0, instance:testcases.LoginTest@66d3eec0]" started-at="2022-03-18T21:21:07 IST" name="SetUp" finished-at="2022-03-18T21:21:11 IST" duration-ms="3982" status="PASS">
          <params>
            <param index="0">
              <value>
                <![CDATA[public void testcases.LoginTest.ParameterizedTest(java.lang.String,java.lang.String)]]>
              </value>
            </param>
          </params>
          <reporter-output>
          </reporter-output>
        </test-method> <!-- SetUp -->
        <test-method signature="ParameterizedTest(java.lang.String,java.lang.String)[pri:0, instance:testcases.LoginTest@66d3eec0]" started-at="2022-03-18T21:21:11 IST" name="ParameterizedTest" finished-at="2022-03-18T21:21:28 IST" duration-ms="17848" status="PASS">
          <params>
            <param index="0">
              <value>
                <![CDATA[xyz@abc.com]]>
              </value>
            </param>
            <param index="1">
              <value>
                <![CDATA[Abc@12345]]>
              </value>
            </param>
          </params>
          <reporter-output>
          </reporter-output>
        </test-method> <!-- ParameterizedTest -->
        <test-method is-config="true" signature="TearDown()[pri:0, instance:testcases.LoginTest@66d3eec0]" started-at="2022-03-18T21:21:28 IST" name="TearDown" finished-at="2022-03-18T21:21:29 IST" duration-ms="282" status="PASS">
          <reporter-output>
          </reporter-output>
        </test-method> <!-- TearDown -->
        <test-method is-config="true" signature="DataTearDown()[pri:0, instance:testcases.LoginTest@66d3eec0]" started-at="2022-03-18T21:21:29 IST" name="DataTearDown" finished-at="2022-03-18T21:21:29 IST" duration-ms="483" status="PASS">
          <reporter-output>
          </reporter-output>
        </test-method> <!-- DataTearDown -->
      </class> <!-- testcases.LoginTest -->
    </test> <!-- Test -->
  </suite> <!-- Suite -->
</testng-results>
